INFO:root:Bot starting up at 09:38:10 2012-09-26
INFO:root:Loading module: /root/src/applesaucebot/modules/die.py
INFO:root:Loading module: /root/src/applesaucebot/modules/roll.py
INFO:root:Loading module: /root/src/applesaucebot/modules/time.py
INFO:root:Loading module: /root/src/applesaucebot/modules/help.py
INFO:root:Loading module: /root/src/applesaucebot/modules/hello.py
INFO:root:Loading module: /root/src/applesaucebot/modules/flip.py
INFO:root:Connected to channel #OswegoCSA with nick applesauce
INFO:root:Identified for applesauce
INFO:root:09:38:55 2012-09-26 - gatesphere is trying to get my attention: :gatesphere!~PeckJ@peckj-pc.upstate.edu PRIVMSG #OswegoCSA :?asf

INFO:root:Traceback (most recent call last):
  File "applesaucebot.py", line 94, in do_command
    c = self.commands[command]
KeyError: 'asf'

INFO:root:09:38:55 2012-09-26 - Unknown command asf [] from user gatesphere
INFO:root:09:39:14 2012-09-26 - gatesphere is trying to get my attention: :gatesphere!~PeckJ@peckj-pc.upstate.edu PRIVMSG #OswegoCSA :?time

INFO:root:Bot starting up at 09:39:42 2012-09-26
INFO:root:Loading module: /root/src/applesaucebot/modules/die.py
INFO:root:Loading module: /root/src/applesaucebot/modules/roll.py
INFO:root:Loading module: /root/src/applesaucebot/modules/time.py
INFO:root:Loading module: /root/src/applesaucebot/modules/help.py
INFO:root:Loading module: /root/src/applesaucebot/modules/hello.py
INFO:root:Loading module: /root/src/applesaucebot/modules/flip.py
INFO:root:Connected to channel #OswegoCSA with nick applesauce
INFO:root:Identified for applesauce
INFO:root:Bot starting up at 09:40:04 2012-09-26
INFO:root:Loading module: /root/src/applesaucebot/modules/die.py
INFO:root:Loading module: /root/src/applesaucebot/modules/roll.py
INFO:root:Loading module: /root/src/applesaucebot/modules/time.py
INFO:root:Loading module: /root/src/applesaucebot/modules/help.py
INFO:root:Loading module: /root/src/applesaucebot/modules/hello.py
INFO:root:Loading module: /root/src/applesaucebot/modules/flip.py
INFO:root:Connected to channel #OswegoCSA with nick applesauce
INFO:root:Identified for applesauce
